SF:lib/domain/usecases/get_on_the_air_series.dart
DA:9,1
DA:11,1
DA:12,2
LF:3
LH:3
end_of_record
SF:lib/domain/usecases/get_popular_series.dart
DA:9,1
DA:11,1
DA:12,2
LF:3
LH:3
end_of_record
SF:lib/domain/usecases/get_serie_detail.dart
DA:9,1
DA:11,1
DA:12,2
LF:3
LH:3
end_of_record
SF:lib/domain/usecases/get_serie_recommendations.dart
DA:9,1
DA:11,1
DA:12,2
LF:3
LH:3
end_of_record
SF:lib/domain/usecases/get_top_rated_series.dart
DA:9,1
DA:11,1
DA:12,2
LF:3
LH:3
end_of_record
SF:lib/domain/usecases/get_watchlist_series.dart
DA:9,1
DA:11,1
DA:12,2
LF:3
LH:3
end_of_record
SF:lib/domain/usecases/get_watchlist_status_series.dart
DA:6,1
DA:8,1
DA:9,2
LF:3
LH:3
end_of_record
SF:lib/domain/usecases/remove_watchlist_series.dart
DA:9,1
DA:11,1
DA:12,2
LF:3
LH:3
end_of_record
SF:lib/domain/usecases/save_watchlist_series.dart
DA:9,1
DA:11,1
DA:12,2
LF:3
LH:3
end_of_record
SF:lib/domain/usecases/search_series.dart
DA:9,1
DA:11,1
DA:12,2
LF:3
LH:3
end_of_record
SF:lib/presentation/bloc/detail/series_detail_event.dart
DA:4,3
DA:9,2
DA:14,2
DA:19,2
LF:4
LH:4
end_of_record
SF:lib/presentation/bloc/detail/series_detail_state.dart
DA:10,2
DA:19,1
DA:24,1
DA:30,1
DA:31,1
DA:32,1
DA:33,1
DA:34,1
DA:35,1
DA:40,1
DA:45,1
DA:52,1
DA:53,1
DA:54,1
DA:55,1
DA:56,1
DA:57,1
DA:62,2
DA:67,2
DA:74,1
DA:75,1
DA:76,1
DA:77,1
DA:78,1
DA:79,1
DA:84,2
DA:89,2
DA:96,1
DA:97,1
DA:98,1
DA:99,1
DA:100,1
DA:101,1
DA:106,1
DA:111,1
DA:118,1
DA:119,1
DA:120,1
DA:121,1
DA:122,1
DA:123,1
DA:128,2
DA:133,2
DA:140,1
DA:141,1
DA:142,1
DA:143,1
DA:144,1
DA:145,1
DA:150,2
DA:155,2
DA:162,1
DA:163,1
DA:164,1
DA:165,1
DA:166,1
DA:167,1
DA:172,2
DA:177,2
DA:184,1
DA:185,1
DA:186,1
DA:187,1
DA:188,1
DA:189,1
LF:65
LH:65
end_of_record
SF:lib/presentation/bloc/detail/series_detail_bloc.dart
DA:28,1
DA:34,1
DA:35,1
DA:67,1
DA:68,1
DA:69,6
DA:70,4
DA:71,1
DA:72,3
DA:74,3
DA:75,4
DA:77,1
DA:78,1
DA:79,2
DA:80,2
DA:81,2
DA:82,2
DA:83,1
DA:84,1
DA:87,1
DA:88,1
DA:89,1
DA:90,1
DA:91,2
DA:92,1
DA:93,1
DA:94,1
DA:95,2
DA:96,1
DA:97,1
DA:101,1
DA:102,1
DA:103,1
DA:104,1
DA:105,1
DA:106,1
DA:107,1
DA:108,2
DA:118,1
DA:119,1
DA:120,1
DA:121,3
DA:123,5
DA:125,1
DA:126,1
DA:127,2
DA:128,1
DA:129,1
DA:130,2
DA:131,2
DA:132,1
DA:133,1
DA:137,1
DA:138,1
DA:139,1
DA:140,1
DA:141,2
DA:142,2
DA:143,1
DA:144,1
DA:152,1
DA:153,1
DA:154,1
DA:155,3
DA:157,5
DA:159,1
DA:160,1
DA:161,2
DA:162,1
DA:163,1
DA:164,2
DA:165,2
DA:166,1
DA:167,1
DA:171,1
DA:172,1
DA:173,1
DA:174,1
DA:175,2
DA:176,2
DA:177,1
DA:178,1
LF:82
LH:82
end_of_record
SF:lib/presentation/bloc/on_the_air/on_the_air_state.dart
DA:8,2
DA:15,1
DA:18,1
DA:22,1
DA:23,1
DA:24,1
DA:25,1
DA:30,2
DA:33,2
DA:37,1
DA:38,1
DA:39,1
DA:40,1
DA:45,2
DA:48,2
DA:52,1
DA:53,1
DA:54,1
DA:55,1
DA:60,2
DA:63,2
DA:67,1
DA:68,1
DA:69,1
DA:70,1
LF:25
LH:25
end_of_record
SF:lib/presentation/bloc/on_the_air/on_the_air_event.dart
DA:4,2
DA:8,2
LF:2
LH:2
end_of_record
SF:lib/presentation/bloc/on_the_air/on_the_air_bloc.dart
DA:16,1
DA:18,1
DA:19,1
DA:24,2
DA:25,2
DA:26,1
DA:27,1
DA:30,3
DA:31,2
DA:32,2
DA:33,2
DA:34,1
DA:35,1
DA:37,1
DA:38,1
DA:39,2
DA:40,1
DA:41,1
LF:18
LH:18
end_of_record
SF:lib/presentation/bloc/popular/popular_series_state.dart
DA:8,2
DA:15,1
DA:18,1
DA:22,1
DA:23,1
DA:24,1
DA:25,1
DA:30,2
DA:33,2
DA:37,1
DA:38,1
DA:39,1
DA:40,1
DA:45,2
DA:48,2
DA:52,1
DA:53,1
DA:54,1
DA:55,1
DA:60,2
DA:63,2
DA:67,1
DA:68,1
DA:69,1
DA:70,1
LF:25
LH:25
end_of_record
SF:lib/presentation/bloc/popular/popular_series_bloc.dart
DA:15,1
DA:17,1
DA:18,1
DA:23,2
DA:24,2
DA:25,1
DA:26,1
DA:29,3
DA:30,2
DA:31,2
DA:32,2
DA:33,1
DA:34,1
DA:36,1
DA:37,1
DA:38,2
DA:39,1
DA:40,1
LF:18
LH:18
end_of_record
SF:lib/presentation/bloc/popular/popular_series_event.dart
DA:4,2
DA:8,2
LF:2
LH:2
end_of_record
SF:lib/presentation/bloc/search/search_series_state.dart
DA:8,2
DA:15,2
DA:18,2
DA:22,1
DA:23,1
DA:24,1
DA:25,1
DA:30,2
DA:33,2
DA:37,1
DA:38,1
DA:39,1
DA:40,1
DA:45,2
DA:48,2
DA:52,1
DA:53,1
DA:54,1
DA:55,1
DA:60,2
DA:63,2
DA:67,1
DA:68,1
DA:69,1
DA:70,1
LF:25
LH:25
end_of_record
SF:lib/presentation/bloc/search/search_series_event.dart
DA:4,2
DA:9,2
LF:2
LH:2
end_of_record
SF:lib/presentation/bloc/search/search_series_bloc.dart
DA:16,1
DA:17,2
DA:21,1
DA:22,1
DA:23,1
DA:25,2
DA:26,1
DA:27,1
DA:29,3
DA:31,1
DA:32,1
DA:33,2
DA:34,2
DA:35,1
DA:36,1
DA:39,1
DA:40,1
DA:41,2
DA:42,1
DA:43,1
DA:48,1
DA:52,1
DA:53,3
LF:23
LH:23
end_of_record
SF:lib/presentation/bloc/top_rated/top_rated_series_bloc.dart
DA:16,1
DA:18,1
DA:19,1
DA:24,2
DA:25,2
DA:26,1
DA:27,1
DA:30,3
DA:31,2
DA:32,2
DA:33,2
DA:34,1
DA:35,1
DA:37,1
DA:38,1
DA:39,2
DA:40,1
DA:41,1
LF:18
LH:18
end_of_record
SF:lib/presentation/bloc/top_rated/top_rated_series_state.dart
DA:8,2
DA:15,1
DA:18,1
DA:22,1
DA:23,1
DA:24,1
DA:25,1
DA:30,2
DA:33,2
DA:37,1
DA:38,1
DA:39,1
DA:40,1
DA:45,2
DA:48,2
DA:52,1
DA:53,1
DA:54,1
DA:55,1
DA:60,2
DA:63,2
DA:67,1
DA:68,1
DA:69,1
DA:70,1
LF:25
LH:25
end_of_record
SF:lib/presentation/bloc/top_rated/top_rated_series_event.dart
DA:4,2
DA:8,2
LF:2
LH:2
end_of_record
SF:lib/presentation/bloc/watchlist/watchlist_series_event.dart
DA:4,2
DA:8,2
LF:2
LH:2
end_of_record
SF:lib/presentation/bloc/watchlist/watchlist_series_state.dart
DA:8,2
DA:15,1
DA:18,1
DA:22,1
DA:23,1
DA:24,1
DA:25,1
DA:30,2
DA:33,2
DA:37,1
DA:38,1
DA:39,1
DA:40,1
DA:45,2
DA:48,2
DA:52,1
DA:53,1
DA:54,1
DA:55,1
DA:60,2
DA:63,2
DA:67,1
DA:68,1
DA:69,1
DA:70,1
LF:25
LH:25
end_of_record
SF:lib/presentation/bloc/watchlist/watchlist_series_bloc.dart
DA:16,1
DA:18,1
DA:19,1
DA:24,2
DA:25,2
DA:26,1
DA:27,1
DA:30,3
DA:31,2
DA:32,2
DA:33,2
DA:34,1
DA:35,1
DA:37,1
DA:38,1
DA:39,2
DA:40,1
DA:41,1
LF:18
LH:18
end_of_record
SF:lib/presentation/pages/popular_series_page.dart
DA:10,1
DA:11,1
DA:15,1
DA:17,1
DA:18,1
DA:21,1
DA:22,3
DA:26,1
DA:28,1
DA:29,1
DA:32,1
DA:34,1
DA:35,1
DA:36,1
DA:40,1
DA:41,1
DA:42,1
DA:43,2
DA:44,1
DA:46,2
DA:49,1
DA:51,2
LF:22
LH:22
end_of_record
SF:lib/presentation/pages/search_series_page.dart
DA:11,1
DA:13,1
DA:14,1
DA:17,1
DA:19,1
DA:21,1
DA:22,1
DA:23,1
DA:24,3
DA:34,1
DA:36,1
DA:38,1
DA:39,1
DA:40,1
DA:45,1
DA:46,1
DA:47,1
DA:48,1
DA:50,1
DA:51,1
DA:52,1
DA:54,1
DA:58,1
DA:59,1
DA:61,2
LF:25
LH:25
end_of_record
SF:lib/presentation/pages/top_rated_series_page.dart
DA:10,1
DA:11,1
DA:15,1
DA:17,1
DA:18,1
DA:21,1
DA:22,1
DA:23,1
DA:24,1
DA:28,1
DA:30,1
DA:31,1
DA:34,1
DA:36,1
DA:37,1
DA:38,1
DA:42,1
DA:43,1
DA:44,1
DA:45,2
DA:46,1
DA:48,2
DA:51,1
DA:53,2
LF:24
LH:24
end_of_record
SF:lib/presentation/pages/watchlist_series_page.dart
DA:11,1
DA:12,1
DA:16,1
DA:18,1
DA:19,1
DA:22,1
DA:23,1
DA:24,1
DA:25,1
DA:29,1
DA:31,1
DA:32,4
DA:35,0
DA:39,0
DA:40,0
DA:41,0
DA:44,1
DA:46,1
DA:47,1
DA:50,1
DA:52,1
DA:53,1
DA:54,1
DA:58,1
DA:59,1
DA:60,1
DA:61,2
DA:62,1
DA:64,2
DA:67,1
DA:69,2
DA:78,1
DA:80,2
DA:81,1
LF:34
LH:30
end_of_record
SF:lib/presentation/pages/on_the_air_series_page.dart
DA:10,1
DA:11,1
DA:15,1
DA:17,1
DA:18,1
DA:21,1
DA:22,1
DA:23,1
DA:24,1
DA:28,1
DA:30,1
DA:31,1
DA:34,1
DA:36,1
DA:37,1
DA:38,1
DA:42,1
DA:43,1
DA:44,1
DA:45,2
DA:46,1
DA:48,2
DA:51,1
DA:53,2
LF:24
LH:24
end_of_record
SF:lib/presentation/pages/series_detail_page.dart
DA:20,1
DA:22,1
DA:23,1
DA:27,1
DA:29,1
DA:30,2
DA:31,6
DA:35,1
DA:37,1
DA:38,1
DA:39,1
DA:40,1
DA:44,1
DA:45,1
DA:46,1
DA:47,1
DA:48,1
DA:49,1
DA:50,1
DA:51,1
DA:52,1
DA:53,1
DA:57,1
DA:58,2
DA:62,1
DA:63,1
DA:64,1
DA:65,1
DA:66,4
DA:67,1
DA:68,1
DA:70,2
DA:72,1
DA:73,1
DA:74,2
DA:91,1
DA:97,1
DA:99,3
DA:101,1
DA:102,1
DA:103,1
DA:104,3
DA:106,1
DA:109,0
DA:111,1
DA:113,1
DA:114,1
DA:115,1
DA:125,1
DA:126,1
DA:127,1
DA:129,1
DA:131,1
DA:133,1
DA:134,1
DA:135,2
DA:136,1
DA:138,1
DA:139,1
DA:140,1
DA:142,1
DA:143,3
DA:146,1
DA:147,3
DA:150,1
DA:152,1
DA:153,1
DA:160,4
DA:161,1
DA:162,1
DA:163,1
DA:164,3
DA:166,1
DA:172,4
DA:176,1
DA:178,1
DA:180,3
DA:182,1
DA:184,1
DA:187,1
DA:189,1
DA:190,3
DA:191,1
DA:192,1
DA:193,2
DA:194,3
DA:199,1
DA:201,1
DA:203,1
DA:205,1
DA:207,1
DA:208,2
DA:209,1
DA:211,1
DA:212,0
DA:213,0
DA:215,0
DA:217,1
DA:221,1
DA:223,2
DA:224,1
DA:228,0
DA:235,2
DA:242,1
DA:244,1
DA:257,1
DA:259,1
DA:262,1
DA:264,0
DA:265,0
DA:275,1
DA:277,2
DA:278,3
DA:281,1
DA:285,3
LF:115
LH:108
end_of_record
