SF:lib/domain/usecases/get_season_detail.dart
DA:9,1
DA:11,1
DA:12,2
LF:3
LH:3
end_of_record
SF:lib/presentation/bloc/list/season_detail_event.dart
DA:6,2
DA:12,2
LF:2
LH:2
end_of_record
SF:lib/presentation/bloc/list/season_detail_bloc.dart
DA:16,1
DA:18,1
DA:19,1
DA:40,1
DA:41,1
DA:42,1
DA:43,1
DA:44,2
DA:45,2
DA:48,1
DA:49,1
DA:50,3
DA:52,1
DA:53,1
DA:54,2
DA:55,2
DA:56,2
DA:57,1
DA:60,1
DA:61,1
DA:62,1
DA:63,1
DA:64,1
DA:65,1
LF:24
LH:24
end_of_record
SF:lib/presentation/bloc/list/season_detail_state.dart
DA:8,2
DA:15,1
DA:18,1
DA:22,1
DA:23,1
DA:24,1
DA:25,1
DA:30,2
DA:33,2
DA:38,1
DA:39,1
DA:40,1
DA:41,1
DA:46,2
DA:49,2
DA:54,1
DA:55,1
DA:56,1
DA:57,1
DA:62,2
DA:65,2
DA:70,1
DA:71,1
DA:72,1
DA:73,1
LF:25
LH:25
end_of_record
SF:lib/presentation/pages/season_detail_page.dart
DA:12,1
DA:13,1
DA:14,1
DA:18,1
DA:20,1
DA:21,1
DA:22,5
DA:23,4
DA:27,1
DA:29,1
DA:30,1
DA:33,1
DA:35,1
DA:36,1
DA:37,1
DA:41,1
DA:42,1
DA:43,3
DA:44,1
DA:45,1
DA:46,3
DA:49,1
DA:51,2
LF:23
LH:23
end_of_record
