SF:lib/domain/usecases/get_top_rated_movies.dart
DA:9,1
DA:11,1
DA:12,2
LF:3
LH:3
end_of_record
SF:lib/domain/usecases/get_movie_detail.dart
DA:9,1
DA:11,1
DA:12,2
LF:3
LH:3
end_of_record
SF:lib/domain/usecases/get_movie_recommendations.dart
DA:9,1
DA:11,1
DA:12,2
LF:3
LH:3
end_of_record
SF:lib/domain/usecases/get_now_playing_movies.dart
DA:9,1
DA:11,1
DA:12,2
LF:3
LH:3
end_of_record
SF:lib/domain/usecases/get_popular_movies.dart
DA:9,1
DA:11,1
DA:12,2
LF:3
LH:3
end_of_record
SF:lib/domain/usecases/get_watchlist_movies.dart
DA:9,1
DA:11,1
DA:12,2
LF:3
LH:3
end_of_record
SF:lib/domain/usecases/get_watchlist_status_movies.dart
DA:6,1
DA:8,1
DA:9,2
LF:3
LH:3
end_of_record
SF:lib/domain/usecases/remove_movies_watchlist.dart
DA:9,1
DA:11,1
DA:12,2
LF:3
LH:3
end_of_record
SF:lib/domain/usecases/save_movies_watchlist.dart
DA:9,1
DA:11,1
DA:12,2
LF:3
LH:3
end_of_record
SF:lib/domain/usecases/search_movies.dart
DA:9,1
DA:11,1
DA:12,2
LF:3
LH:3
end_of_record
SF:lib/presentation/bloc/detail/movies_detail_state.dart
DA:10,2
DA:19,1
DA:24,1
DA:30,1
DA:31,1
DA:32,1
DA:33,1
DA:34,1
DA:35,1
DA:40,1
DA:45,1
DA:52,1
DA:53,1
DA:54,1
DA:55,1
DA:56,1
DA:57,1
DA:62,2
DA:67,2
DA:74,1
DA:75,1
DA:76,1
DA:77,1
DA:78,1
DA:79,1
DA:84,2
DA:89,2
DA:96,1
DA:97,1
DA:98,1
DA:99,1
DA:100,1
DA:101,1
DA:106,1
DA:111,1
DA:118,1
DA:119,1
DA:120,1
DA:121,1
DA:122,1
DA:123,1
DA:128,2
DA:133,2
DA:140,1
DA:141,1
DA:142,1
DA:143,1
DA:144,1
DA:145,1
DA:150,2
DA:155,2
DA:162,1
DA:163,1
DA:164,1
DA:165,1
DA:166,1
DA:167,1
DA:172,2
DA:177,2
DA:184,1
DA:185,1
DA:186,1
DA:187,1
DA:188,1
DA:189,1
LF:65
LH:65
end_of_record
SF:lib/presentation/bloc/detail/movies_detail_bloc.dart
DA:27,1
DA:33,1
DA:34,1
DA:54,1
DA:55,1
DA:56,2
DA:57,8
DA:58,1
DA:59,3
DA:60,3
DA:61,4
DA:63,1
DA:64,1
DA:65,2
DA:66,2
DA:67,2
DA:68,2
DA:69,1
DA:70,1
DA:73,1
DA:74,1
DA:75,1
DA:76,1
DA:77,2
DA:78,1
DA:79,1
DA:80,1
DA:81,2
DA:82,1
DA:83,1
DA:87,1
DA:88,1
DA:89,1
DA:90,1
DA:91,1
DA:92,1
DA:93,1
DA:94,2
DA:104,1
DA:105,1
DA:106,1
DA:107,3
DA:109,5
DA:111,1
DA:112,1
DA:113,2
DA:114,1
DA:115,1
DA:116,2
DA:117,2
DA:118,1
DA:119,1
DA:123,1
DA:124,1
DA:125,1
DA:126,1
DA:127,2
DA:128,2
DA:129,1
DA:130,1
DA:138,1
DA:139,1
DA:140,1
DA:141,3
DA:143,5
DA:145,1
DA:146,1
DA:147,2
DA:148,1
DA:149,1
DA:150,2
DA:151,2
DA:152,1
DA:153,1
DA:157,1
DA:158,1
DA:159,1
DA:160,1
DA:161,2
DA:162,2
DA:163,1
DA:164,1
LF:82
LH:82
end_of_record
SF:lib/presentation/bloc/detail/movies_detail_event.dart
DA:4,2
DA:9,2
DA:14,2
DA:19,2
LF:4
LH:4
end_of_record
SF:lib/presentation/bloc/popular/popular_movies_state.dart
DA:8,2
DA:15,1
DA:18,1
DA:22,1
DA:23,1
DA:24,1
DA:25,1
DA:30,2
DA:33,2
DA:37,1
DA:38,1
DA:39,1
DA:40,1
DA:45,2
DA:48,2
DA:52,1
DA:53,1
DA:54,1
DA:55,1
DA:60,2
DA:63,2
DA:67,1
DA:68,1
DA:69,1
DA:70,1
LF:25
LH:25
end_of_record
SF:lib/presentation/bloc/popular/popular_movies_event.dart
DA:4,2
DA:8,2
LF:2
LH:2
end_of_record
SF:lib/presentation/bloc/popular/popular_movies_bloc.dart
DA:15,1
DA:17,1
DA:18,1
DA:23,2
DA:24,2
DA:25,1
DA:26,1
DA:29,3
DA:30,2
DA:31,2
DA:32,2
DA:33,1
DA:34,1
DA:36,1
DA:37,1
DA:38,2
DA:39,1
DA:40,1
LF:18
LH:18
end_of_record
SF:lib/presentation/bloc/search/search_movies_state.dart
DA:8,2
DA:15,2
DA:18,2
DA:22,1
DA:23,1
DA:24,1
DA:25,1
DA:30,2
DA:33,2
DA:37,1
DA:38,1
DA:39,1
DA:40,1
DA:45,2
DA:48,2
DA:52,1
DA:53,1
DA:54,1
DA:55,1
DA:60,2
DA:63,2
DA:67,1
DA:68,1
DA:69,1
DA:70,1
LF:25
LH:25
end_of_record
SF:lib/presentation/bloc/search/search_movies_event.dart
DA:4,2
DA:10,2
LF:2
LH:2
end_of_record
SF:lib/presentation/bloc/search/search_movies_bloc.dart
DA:16,1
DA:17,2
DA:21,1
DA:22,1
DA:23,1
DA:25,2
DA:26,1
DA:27,1
DA:29,3
DA:31,1
DA:32,1
DA:33,2
DA:34,2
DA:35,1
DA:36,1
DA:39,1
DA:40,1
DA:41,2
DA:42,1
DA:43,1
DA:48,1
DA:52,1
DA:53,3
LF:23
LH:23
end_of_record
SF:lib/presentation/bloc/top_rated/top_rated_movies_bloc.dart
DA:16,1
DA:18,1
DA:19,1
DA:24,2
DA:25,2
DA:26,1
DA:27,1
DA:30,3
DA:31,2
DA:32,2
DA:33,2
DA:34,1
DA:35,1
DA:37,1
DA:38,1
DA:39,2
DA:40,1
DA:41,1
LF:18
LH:18
end_of_record
SF:lib/presentation/bloc/top_rated/top_rated_movies_event.dart
DA:4,2
DA:8,2
LF:2
LH:2
end_of_record
SF:lib/presentation/bloc/top_rated/top_rated_movies_state.dart
DA:8,2
DA:15,1
DA:18,1
DA:22,1
DA:23,1
DA:24,1
DA:25,1
DA:30,2
DA:33,2
DA:37,1
DA:38,1
DA:39,1
DA:40,1
DA:45,2
DA:48,2
DA:52,1
DA:53,1
DA:54,1
DA:55,1
DA:60,2
DA:63,2
DA:67,1
DA:68,1
DA:69,1
DA:70,1
LF:25
LH:25
end_of_record
SF:lib/presentation/bloc/watchlist/watchlist_movies_bloc.dart
DA:16,1
DA:18,1
DA:19,1
DA:24,2
DA:25,2
DA:26,1
DA:27,1
DA:30,3
DA:31,2
DA:32,2
DA:33,2
DA:34,1
DA:35,1
DA:37,1
DA:38,1
DA:39,2
DA:40,1
DA:41,1
LF:18
LH:18
end_of_record
SF:lib/presentation/bloc/watchlist/watchlist_movies_state.dart
DA:8,2
DA:15,1
DA:18,1
DA:22,1
DA:23,1
DA:24,1
DA:25,1
DA:30,2
DA:33,2
DA:37,1
DA:38,1
DA:39,1
DA:40,1
DA:45,2
DA:48,2
DA:52,1
DA:53,1
DA:54,1
DA:55,1
DA:60,2
DA:63,2
DA:67,1
DA:68,1
DA:69,1
DA:70,1
LF:25
LH:25
end_of_record
SF:lib/presentation/bloc/watchlist/watchlist_movies_event.dart
DA:4,2
DA:8,2
LF:2
LH:2
end_of_record
SF:lib/presentation/pages/top_rated_movies_page.dart
DA:10,1
DA:11,1
DA:15,1
DA:17,1
DA:18,1
DA:19,2
DA:20,1
DA:21,1
DA:25,1
DA:27,1
DA:28,1
DA:31,1
DA:33,1
DA:34,1
DA:35,1
DA:39,1
DA:40,1
DA:41,1
DA:42,2
DA:43,1
DA:45,2
DA:48,1
DA:50,2
LF:23
LH:23
end_of_record
SF:lib/presentation/pages/search_movies_page.dart
DA:11,1
DA:13,1
DA:14,1
DA:17,1
DA:19,1
DA:21,1
DA:22,1
DA:23,1
DA:24,3
DA:34,1
DA:36,1
DA:38,1
DA:39,1
DA:40,1
DA:45,1
DA:46,1
DA:47,1
DA:48,1
DA:50,1
DA:51,2
DA:52,1
DA:54,1
DA:58,1
DA:59,1
DA:61,2
LF:25
LH:25
end_of_record
SF:lib/presentation/pages/popular_movies_page.dart
DA:10,1
DA:11,1
DA:15,1
DA:17,1
DA:18,1
DA:19,2
DA:20,1
DA:21,1
DA:25,1
DA:27,1
DA:28,1
DA:31,1
DA:33,1
DA:34,1
DA:35,1
DA:39,1
DA:40,1
DA:41,1
DA:42,2
DA:43,1
DA:45,2
DA:48,1
DA:50,2
LF:23
LH:23
end_of_record
SF:lib/presentation/pages/watchlist_movies_page.dart
DA:11,1
DA:12,1
DA:17,1
DA:19,1
DA:20,1
DA:21,2
DA:22,1
DA:23,1
DA:27,1
DA:29,1
DA:30,4
DA:33,0
DA:35,0
DA:36,0
DA:37,0
DA:40,1
DA:42,1
DA:43,1
DA:46,1
DA:48,1
DA:49,1
DA:50,1
DA:54,1
DA:55,1
DA:56,1
DA:57,2
DA:58,1
DA:60,2
DA:63,1
DA:65,2
DA:74,1
DA:76,2
DA:77,1
LF:33
LH:29
end_of_record
SF:lib/presentation/pages/movie_detail_page.dart
DA:18,1
DA:20,1
DA:21,1
DA:25,1
DA:27,1
DA:28,2
DA:29,6
DA:33,1
DA:35,1
DA:36,1
DA:37,1
DA:38,1
DA:42,1
DA:43,1
DA:44,1
DA:45,1
DA:46,1
DA:47,1
DA:48,1
DA:49,1
DA:50,1
DA:51,1
DA:55,2
DA:58,1
DA:59,1
DA:60,1
DA:61,1
DA:62,4
DA:63,1
DA:64,1
DA:66,2
DA:68,1
DA:69,1
DA:70,2
DA:87,1
DA:93,1
DA:95,3
DA:96,1
DA:97,1
DA:98,1
DA:99,3
DA:101,1
DA:104,0
DA:106,1
DA:108,1
DA:109,1
DA:110,1
DA:120,1
DA:121,1
DA:122,1
DA:124,1
DA:126,1
DA:128,1
DA:129,1
DA:130,2
DA:131,1
DA:133,1
DA:134,1
DA:135,1
DA:137,1
DA:138,3
DA:141,1
DA:142,3
DA:145,1
DA:147,1
DA:148,1
DA:155,4
DA:156,4
DA:157,1
DA:158,1
DA:159,1
DA:160,3
DA:162,1
DA:168,4
DA:172,1
DA:174,1
DA:176,3
DA:178,1
DA:180,1
DA:182,1
DA:184,1
DA:186,1
DA:187,2
DA:188,1
DA:190,1
DA:191,0
DA:192,0
DA:194,0
DA:196,1
DA:200,1
DA:202,2
DA:203,1
DA:207,0
DA:214,2
DA:221,1
DA:223,1
DA:236,1
DA:238,1
DA:241,1
DA:243,0
DA:244,0
DA:254,1
DA:256,2
DA:257,3
DA:260,1
DA:264,3
DA:267,1
DA:270,1
DA:271,1
DA:272,1
DA:274,1
DA:275,1
DA:277,1
LF:113
LH:106
end_of_record
SF:lib/presentation/bloc/now_playing/now_playing_state.dart
DA:8,1
DA:15,1
DA:18,1
DA:22,1
DA:23,1
DA:24,1
DA:25,1
DA:30,1
DA:33,1
DA:37,1
DA:38,1
DA:39,1
DA:40,1
DA:45,1
DA:48,1
DA:52,1
DA:53,1
DA:54,1
DA:55,1
DA:60,1
DA:63,1
DA:67,1
DA:68,1
DA:69,1
DA:70,1
LF:25
LH:25
end_of_record
SF:lib/presentation/bloc/now_playing/now_playing_event.dart
DA:4,1
DA:8,1
LF:2
LH:2
end_of_record
SF:lib/presentation/bloc/now_playing/now_playing_bloc.dart
DA:16,1
DA:18,1
DA:19,1
DA:24,2
DA:25,2
DA:26,1
DA:27,1
DA:30,3
DA:31,2
DA:32,2
DA:33,2
DA:34,1
DA:35,1
DA:37,1
DA:38,1
DA:39,2
DA:40,1
DA:41,1
LF:18
LH:18
end_of_record
